flutter app/build/app/outputs/mapping/r8/release/mapping.txt
# compiler: R8
# compiler_version: 1.2.49
# min_api: 16
com.example.weedyapp.MainActivity -> com.example.weedyapp.MainActivity:
...
androidx.appcompat.widget.AppCompatEditText -> androidx.appcompat.widget.o:
    androidx.appcompat.widget.AppCompatBackgroundHelper mBackgroundTintHelper -> a
    androidx.appcompat.widget.AppCompatTextHelper mTextHelper -> b
androidx.appcompat.widget.AppCompatHintHelper -> androidx.appcompat.widget.p:
    android.view.inputmethod.InputConnection onCreateInputConnection(android.view.inputmethod.InputConnection,android.view.inputmethod.EditorInfo,android.view.View) -> a
androidx.appcompat.widget.AppCompatImageButton -> androidx.appcompat.widget.q:
    androidx.appcompat.widget.AppCompatBackgroundHelper mBackgroundTintHelper -> a
    androidx.appcompat.widget.AppCompatImageHelper mImageHelper -> b
androidx.appcompat.widget.AppCompatImageHelper -> androidx.appcompat.widget.r:
    android.widget.ImageView mView -> a
    androidx.appcompat.widget.TintInfo mImageTint -> c
    androidx.appcompat.widget.TintInfo mInternalImageTint -> b
    androidx.appcompat.widget.TintInfo mTmpInfo -> d
    boolean applyFrameworkTintUsingColorFilter(android.graphics.drawable.Drawable) -> a
    boolean shouldApplyFrameworkTintUsingColorFilter() -> e
    android.content.res.ColorStateList getSupportImageTintList() -> b
    android.graphics.PorterDuff$Mode getSupportImageTintMode() -> c
    boolean hasOverlappingRendering() -> a
    void applySupportImageTint() -> d
    void loadFromAttributes(android.util.AttributeSet,int) -> a
    void setImageResource(int) -> a
    void setSupportImageTintList(android.content.res.ColorStateList) -> a
    void setSupportImageTintMode(android.graphics.PorterDuff$Mode) -> a
androidx.appcompat.widget.AppCompatImageView -> androidx.appcompat.widget.s:
    androidx.appcompat.widget.AppCompatBackgroundHelper mBackgroundTintHelper -> a
    androidx.appcompat.widget.AppCompatImageHelper mImageHelper -> b
androidx.appcompat.widget.AppCompatMultiAutoCompleteTextView -> androidx.appcompat.widget.t:
    androidx.appcompat.widget.AppCompatBackgroundHelper mBackgroundTintHelper -> b
    androidx.appcompat.widget.AppCompatTextHelper mTextHelper -> c
    int[] TINT_ATTRS -> a
androidx.appcompat.widget.AppCompatPopupWindow -> androidx.appcompat.widget.u:
    boolean mOverlapAnchor -> b
    boolean COMPAT_OVERLAP_ANCHOR -> a
    void init(android.content.Context,android.util.AttributeSet,int,int) -> a
    void setSupportOverlapAnchor(boolean) -> a
androidx.appcompat.widget.AppCompatProgressBarHelper -> androidx.appcompat.widget.v:
    android.graphics.Bitmap mSampleTile -> c
    android.widget.ProgressBar mView -> b
    int[] TINT_ATTRS -> a
    android.graphics.drawable.Drawable tileify(android.graphics.drawable.Drawable,boolean) -> a
    android.graphics.drawable.Drawable tileifyIndeterminate(android.graphics.drawable.Drawable) -> a
    android.graphics.drawable.shapes.Shape getDrawableShape() -> b
    android.graphics.Bitmap getSampleTime() -> a
    void loadFromAttributes(android.util.AttributeSet,int) -> a
androidx.appcompat.widget.AppCompatRadioButton -> androidx.appcompat.widget.w:
    androidx.appcompat.widget.AppCompatCompoundButtonHelper mCompoundButtonHelper -> a
    androidx.appcompat.widget.AppCompatTextHelper mTextHelper -> b
androidx.appcompat.widget.AppCompatRatingBar -> androidx.appcompat.widget.x:
    androidx.appcompat.widget.AppCompatProgressBarHelper mAppCompatProgressBarHelper -> a
androidx.appcompat.widget.AppCompatSeekBar -> androidx.appcompat.widget.y:
    androidx.appcompat.widget.AppCompatSeekBarHelper mAppCompatSeekBarHelper -> a